2020-02-23 16:59:47,240 [main] INFO com.ocr.florian.Escape_Game_App  - Démarrage de l'application
2020-02-23 16:59:47,240 [main] INFO com.ocr.florian.Escape_Game_App  - Menu
2020-02-23 16:59:47,240 [main] ERROR com.ocr.florian.ConfigProperties  - Erreur du fichier de configuration, chargement par défaut
2020-02-23 16:59:49,734 [main] INFO com.ocr.florian.Escape_Game_App  - DefenderMode
2020-02-23 16:59:56,754 [main] DEBUG com.ocr.florian.AbstractGame  - User entry est [3, 2, 1, 6]
2020-02-23 16:59:58,754 [main] DEBUG com.ocr.florian.AbstractGame  - Generate computer est [1, 6, 7, 7]
2020-02-23 16:59:58,754 [main] DEBUG com.ocr.florian.AbstractGame  - Résultat de la comparaison +---
2020-02-23 17:00:00,758 [main] DEBUG com.ocr.florian.AbstractGame  - Generate computer est [7, 2, 5, 4]
2020-02-23 17:00:00,758 [main] DEBUG com.ocr.florian.AbstractGame  - Résultat de la comparaison -=-+
2020-02-23 17:00:02,758 [main] DEBUG com.ocr.florian.AbstractGame  - Generate computer est [3, 2, 3, 5]
2020-02-23 17:00:02,758 [main] DEBUG com.ocr.florian.AbstractGame  - Résultat de la comparaison ==-+
2020-02-23 17:00:04,758 [main] DEBUG com.ocr.florian.AbstractGame  - Generate computer est [3, 2, 1, 6]
2020-02-23 17:00:04,758 [main] DEBUG com.ocr.florian.AbstractGame  - Résultat de la comparaison ====
2020-02-23 17:00:04,758 [main] INFO com.ocr.florian.AbstractGame  - partie gagné
2020-02-23 17:00:04,805 [main] INFO com.ocr.florian.Escape_Game_App  - Menu
2020-02-23 17:00:04,805 [main] ERROR com.ocr.florian.ConfigProperties  - Erreur du fichier de configuration, chargement par défaut
2020-02-23 17:01:28,540 [main] INFO com.ocr.florian.Escape_Game_App  - DefenderMode
2020-02-23 17:01:32,244 [main] DEBUG com.ocr.florian.AbstractGame  - User entry est [6, 5, 9, 8]
2020-02-23 17:01:34,246 [main] DEBUG com.ocr.florian.AbstractGame  - Generate computer est [4, 2, 4, 2]
2020-02-23 17:01:34,246 [main] DEBUG com.ocr.florian.AbstractGame  - Résultat de la comparaison ++++
2020-02-23 17:01:36,246 [main] DEBUG com.ocr.florian.AbstractGame  - Generate computer est [8, 6, 6, 9]
2020-02-23 17:01:36,246 [main] DEBUG com.ocr.florian.AbstractGame  - Résultat de la comparaison --+-
2020-02-23 17:01:38,247 [main] DEBUG com.ocr.florian.AbstractGame  - Generate computer est [1, 2, 8, 1]
2020-02-23 17:01:38,247 [main] DEBUG com.ocr.florian.AbstractGame  - Résultat de la comparaison ++++
2020-02-23 17:01:40,247 [main] DEBUG com.ocr.florian.AbstractGame  - Generate computer est [5, 4, 9, 5]
2020-02-23 17:01:40,247 [main] DEBUG com.ocr.florian.AbstractGame  - Résultat de la comparaison ++=+
2020-02-23 17:01:42,263 [main] DEBUG com.ocr.florian.AbstractGame  - Generate computer est [6, 9, 9, 9]
2020-02-23 17:01:42,263 [main] DEBUG com.ocr.florian.AbstractGame  - Résultat de la comparaison =-=-
2020-02-23 17:01:42,263 [main] INFO com.ocr.florian.AbstractGame  - partie perdu
2020-02-23 17:01:42,263 [main] INFO com.ocr.florian.Escape_Game_App  - Menu
2020-02-23 17:01:42,263 [main] ERROR com.ocr.florian.ConfigProperties  - Erreur du fichier de configuration, chargement par défaut
2020-02-23 17:09:32,453 [main] INFO com.ocr.florian.Escape_Game_App  - Démarrage de l'application
2020-02-23 17:09:32,453 [main] INFO com.ocr.florian.Escape_Game_App  - Menu
2020-02-23 17:12:17,597 [main] INFO com.ocr.florian.Escape_Game_App  - Démarrage de l'application
2020-02-23 17:12:17,597 [main] INFO com.ocr.florian.Escape_Game_App  - Menu
2020-02-23 17:17:14,751 [main] INFO com.ocr.florian.Escape_Game_App  - Démarrage de l'application
2020-02-23 17:17:14,751 [main] INFO com.ocr.florian.Escape_Game_App  - Menu
2020-02-23 17:23:06,812 [main] INFO com.ocr.florian.Escape_Game_App  - Démarrage de l'application
2020-02-23 17:23:06,812 [main] INFO com.ocr.florian.Escape_Game_App  - Menu
2020-02-23 17:25:09,646 [main] INFO com.ocr.florian.Escape_Game_App  - Démarrage de l'application
2020-02-23 17:25:09,662 [main] INFO com.ocr.florian.Escape_Game_App  - Menu
2020-02-23 17:25:09,678 [main] ERROR com.ocr.florian.ConfigProperties  - Fichier de configuration manquant, chargement par défaut
2020-02-23 17:30:09,507 [main] INFO com.ocr.florian.Escape_Game_App  - Démarrage de l'application
2020-02-23 17:30:09,507 [main] INFO com.ocr.florian.Escape_Game_App  - Menu
2020-02-23 17:30:09,507 [main] ERROR com.ocr.florian.ConfigProperties  - Fichier de configuration manquant, chargement par défaut
2020-02-23 17:30:43,103 [main] INFO com.ocr.florian.Escape_Game_App  - DefenderMode
2020-02-23 17:30:47,107 [main] DEBUG com.ocr.florian.AbstractGame  - User entry est [1, 2, 3, 6]
2020-02-23 17:30:49,107 [main] DEBUG com.ocr.florian.AbstractGame  - Generate computer est [5, 8, 8, 9]
2020-02-23 17:30:49,107 [main] DEBUG com.ocr.florian.AbstractGame  - Résultat de la comparaison ----
2020-02-23 17:30:51,107 [main] DEBUG com.ocr.florian.AbstractGame  - Generate computer est [2, 2, 6, 3]
2020-02-23 17:30:51,107 [main] DEBUG com.ocr.florian.AbstractGame  - Résultat de la comparaison -=-+
2020-02-23 17:30:53,107 [main] DEBUG com.ocr.florian.AbstractGame  - Generate computer est [1, 2, 2, 6]
2020-02-23 17:30:53,107 [main] DEBUG com.ocr.florian.AbstractGame  - Résultat de la comparaison ==+=
2020-02-23 17:30:55,107 [main] DEBUG com.ocr.florian.AbstractGame  - Generate computer est [1, 2, 5, 6]
2020-02-23 17:30:55,107 [main] DEBUG com.ocr.florian.AbstractGame  - Résultat de la comparaison ==-=
2020-02-23 17:30:57,111 [main] DEBUG com.ocr.florian.AbstractGame  - Generate computer est [1, 2, 3, 6]
2020-02-23 17:30:57,111 [main] DEBUG com.ocr.florian.AbstractGame  - Résultat de la comparaison ====
2020-02-23 17:30:57,111 [main] INFO com.ocr.florian.AbstractGame  - partie gagné
2020-02-23 17:30:57,127 [main] INFO com.ocr.florian.Escape_Game_App  - Menu
2020-02-23 17:30:57,127 [main] ERROR com.ocr.florian.ConfigProperties  - Fichier de configuration manquant, chargement par défaut
2020-02-23 17:32:03,962 [main] INFO com.ocr.florian.Escape_Game_App  - Démarrage de l'application
2020-02-23 17:32:03,962 [main] INFO com.ocr.florian.Escape_Game_App  - Menu
2020-02-23 17:32:03,978 [main] ERROR com.ocr.florian.ConfigProperties  - Fichier de configuration manquant, chargement par défaut
